{
  "stats": {
    "suites": 1,
    "tests": 1,
    "passes": 1,
    "pending": 0,
    "failures": 0,
    "start": "2021-04-27T13:20:37.661Z",
    "end": "2021-04-27T13:20:44.488Z",
    "duration": 6827,
    "testsRegistered": 1,
    "passPercent": 100,
    "pendingPercent": 0,
    "other": 0,
    "hasOther": false,
    "skipped": 0,
    "hasSkipped": false
  },
  "results": [
    {
      "uuid": "7be291b8-0c09-4d59-a4ce-284a607cdf92",
      "title": "",
      "fullFile": "cypress/integration/my_firs_test2.js",
      "file": "cypress/integration/my_firs_test2.js",
      "beforeHooks": [],
      "afterHooks": [],
      "tests": [],
      "suites": [
        {
          "uuid": "744d66de-0bf7-479d-89ef-47ee73972e60",
          "title": "My First Test DVA",
          "fullFile": "",
          "file": "",
          "beforeHooks": [],
          "afterHooks": [],
          "tests": [
            {
              "title": "Gets, types and asserts",
              "fullTitle": "My First Test DVA Gets, types and asserts",
              "timedOut": null,
              "duration": 4116,
              "state": "passed",
              "speed": "slow",
              "pass": true,
              "fail": false,
              "pending": false,
              "context": null,
              "code": "cy.visit('https://example.cypress.io');\ncy.contains('type').click(); // Should be on a new URL which includes '/commands/actions'\ncy.url().should('include', '/commands/actions');\ncy.contains('To type into a DOM element,'); // Get an input, type into it and verify that the value has been updated\ncy.get('.action-email').type('fake@email.com').should('have.value', 'fake@email.com');",
              "err": {},
              "uuid": "3089cba5-35e0-4554-b99a-9ee15379c84e",
              "parentUUID": "744d66de-0bf7-479d-89ef-47ee73972e60",
              "isHook": false,
              "skipped": false
            }
          ],
          "suites": [],
          "passes": [
            "3089cba5-35e0-4554-b99a-9ee15379c84e"
          ],
          "failures": [],
          "pending": [],
          "skipped": [],
          "duration": 4116,
          "root": false,
          "rootEmpty": false,
          "_timeout": 2000
        }
      ],
      "passes": [],
      "failures": [],
      "pending": [],
      "skipped": [],
      "duration": 0,
      "root": true,
      "rootEmpty": true,
      "_timeout": 2000
    }
  ],
  "meta": {
    "mocha": {
      "version": "7.0.1"
    },
    "mochawesome": {
      "options": {
        "quiet": false,
        "reportFilename": "mochawesome",
        "saveHtml": false,
        "saveJson": true,
        "consoleReporter": "spec",
        "useInlineDiffs": false,
        "code": true
      },
      "version": "6.2.2"
    },
    "marge": {
      "options": {
        "overwrite": false,
        "html": false,
        "json": true
      },
      "version": "5.2.0"
    }
  }
}