{
  "stats": {
    "suites": 1,
    "tests": 1,
    "passes": 1,
    "pending": 0,
    "failures": 0,
    "start": "2021-04-28T06:58:37.173Z",
    "end": "2021-04-28T06:58:44.787Z",
    "duration": 7614,
    "testsRegistered": 1,
    "passPercent": 100,
    "pendingPercent": 0,
    "other": 0,
    "hasOther": false,
    "skipped": 0,
    "hasSkipped": false
  },
  "results": [
    {
      "uuid": "1f157063-a8a7-49a7-a818-83294bb84b94",
      "title": "",
      "fullFile": "cypress/integration/my_firs_test.js",
      "file": "cypress/integration/my_firs_test.js",
      "beforeHooks": [],
      "afterHooks": [],
      "tests": [],
      "suites": [
        {
          "uuid": "920b1c59-cbd9-4def-8236-b932256ceb1c",
          "title": "My First Test",
          "fullFile": "",
          "file": "",
          "beforeHooks": [],
          "afterHooks": [],
          "tests": [
            {
              "title": "assertions",
              "fullTitle": "My First Test assertions",
              "timedOut": null,
              "duration": 2889,
              "state": "passed",
              "speed": "slow",
              "pass": true,
              "fail": false,
              "pending": false,
              "context": null,
              "code": "cy.visit('example.cypress.io');\ncy.contains('get').click();\ncy.get('#query-btn') //Implicit assertions:\n.should('contain', 'Button').should('have.class', 'query-btn btn btn-primary').should('be.visible').should('be.enabled').and('have.id', 'query-btn'); //Explicit assertions:\nexpect(true).to.be.true;\nlet slovo = 'pokus';\nexpect(slovo).to.be.equal('pokus');\nassert.equal(4, 4, 'rovna se');",
              "err": {},
              "uuid": "8fd4382c-e160-463e-8a88-dc8200f42f7b",
              "parentUUID": "920b1c59-cbd9-4def-8236-b932256ceb1c",
              "isHook": false,
              "skipped": false
            }
          ],
          "suites": [],
          "passes": [
            "8fd4382c-e160-463e-8a88-dc8200f42f7b"
          ],
          "failures": [],
          "pending": [],
          "skipped": [],
          "duration": 2889,
          "root": false,
          "rootEmpty": false,
          "_timeout": 2000
        }
      ],
      "passes": [],
      "failures": [],
      "pending": [],
      "skipped": [],
      "duration": 0,
      "root": true,
      "rootEmpty": true,
      "_timeout": 2000
    }
  ],
  "meta": {
    "mocha": {
      "version": "7.0.1"
    },
    "mochawesome": {
      "options": {
        "quiet": false,
        "reportFilename": "mochawesome",
        "saveHtml": false,
        "saveJson": true,
        "consoleReporter": "spec",
        "useInlineDiffs": false,
        "code": true
      },
      "version": "6.2.2"
    },
    "marge": {
      "options": {
        "overwrite": false,
        "html": false,
        "json": true
      },
      "version": "5.2.0"
    }
  }
}